[2020-10-06 16:01:04.817] [renderer1] [error] <semantic> TypeScript Server Error (4.0.2)
Cannot read property 'pos' of undefined
TypeError: Cannot read property 'pos' of undefined
    at visit (/snap/code/46/usr/share/code/resources/app/extensions/node_modules/typescript/lib/tsserver.js:139080:59)
    at visitNode (/snap/code/46/usr/share/code/resources/app/extensions/node_modules/typescript/lib/tsserver.js:26827:24)
    at Object.forEachChild (/snap/code/46/usr/share/code/resources/app/extensions/node_modules/typescript/lib/tsserver.js:27022:24)
    at visit (/snap/code/46/usr/share/code/resources/app/extensions/node_modules/typescript/lib/tsserver.js:139190:36)
    at visitNode (/snap/code/46/usr/share/code/resources/app/extensions/node_modules/typescript/lib/tsserver.js:26827:24)
    at Object.forEachChild (/snap/code/46/usr/share/code/resources/app/extensions/node_modules/typescript/lib/tsserver.js:27083:24)
    at visit (/snap/code/46/usr/share/code/resources/app/extensions/node_modules/typescript/lib/tsserver.js:139190:36)
    at visitNodes (/snap/code/46/usr/share/code/resources/app/extensions/node_modules/typescript/lib/tsserver.js:26836:30)
    at Object.forEachChild (/snap/code/46/usr/share/code/resources/app/extensions/node_modules/typescript/lib/tsserver.js:27072:24)
    at visit (/snap/code/46/usr/share/code/resources/app/extensions/node_modules/typescript/lib/tsserver.js:139190:36)
    at checkNode (/snap/code/46/usr/share/code/resources/app/extensions/node_modules/typescript/lib/tsserver.js:139051:21)
    at getRangeToExtract (/snap/code/46/usr/share/code/resources/app/extensions/node_modules/typescript/lib/tsserver.js:138928:44)
    at Object.getAvailableActions (/snap/code/46/usr/share/code/resources/app/extensions/node_modules/typescript/lib/tsserver.js:138701:38)
    at /snap/code/46/usr/share/code/resources/app/extensions/node_modules/typescript/lib/tsserver.js:130643:128
    at getIterator (/snap/code/46/usr/share/code/resources/app/extensions/node_modules/typescript/lib/tsserver.js:567:23)
    at Object.next (/snap/code/46/usr/share/code/resources/app/extensions/node_modules/typescript/lib/tsserver.js:562:35)
    at Object.arrayFrom (/snap/code/46/usr/share/code/resources/app/extensions/node_modules/typescript/lib/tsserver.js:1308:88)
    at Object.getApplicableRefactors (/snap/code/46/usr/share/code/resources/app/extensions/node_modules/typescript/lib/tsserver.js:130642:23)
    at Proxy.getApplicableRefactors (/snap/code/46/usr/share/code/resources/app/extensions/node_modules/typescript/lib/tsserver.js:144225:32)
    at IOSession.Session.getApplicableRefactors (/snap/code/46/usr/share/code/resources/app/extensions/node_modules/typescript/lib/tsserver.js:154604:53)
    at Session.handlers.ts.Map.ts.getEntries._a.<computed> (/snap/code/46/usr/share/code/resources/app/extensions/node_modules/typescript/lib/tsserver.js:153349:61)
    at /snap/code/46/usr/share/code/resources/app/extensions/node_modules/typescript/lib/tsserver.js:154953:88
    at IOSession.Session.executeWithRequestId (/snap/code/46/usr/share/code/resources/app/extensions/node_modules/typescript/lib/tsserver.js:154944:28)
    at IOSession.Session.executeCommand (/snap/code/46/usr/share/code/resources/app/extensions/node_modules/typescript/lib/tsserver.js:154953:33)
    at IOSession.Session.onMessage (/snap/code/46/usr/share/code/resources/app/extensions/node_modules/typescript/lib/tsserver.js:154977:35)
    at Interface.<anonymous> (/snap/code/46/usr/share/code/resources/app/extensions/node_modules/typescript/lib/tsserver.js:157193:27)
    at Interface.emit (events.js:223:5)
    at Interface._onLine (readline.js:315:10)
    at Interface._normalWrite (readline.js:460:12)
    at Socket.ondata (readline.js:172:10)
    at Socket.emit (events.js:223:5)
    at addChunk (_stream_readable.js:309:12)
    at readableAddChunk (_stream_readable.js:290:11)
    at Socket.Readable.push (_stream_readable.js:224:10)
    at Pipe.onStreamRead (internal/stream_base_commons.js:181:23): Error: <semantic> TypeScript Server Error (4.0.2)
Cannot read property 'pos' of undefined
TypeError: Cannot read property 'pos' of undefined
    at visit (/snap/code/46/usr/share/code/resources/app/extensions/node_modules/typescript/lib/tsserver.js:139080:59)
    at visitNode (/snap/code/46/usr/share/code/resources/app/extensions/node_modules/typescript/lib/tsserver.js:26827:24)
    at Object.forEachChild (/snap/code/46/usr/share/code/resources/app/extensions/node_modules/typescript/lib/tsserver.js:27022:24)
    at visit (/snap/code/46/usr/share/code/resources/app/extensions/node_modules/typescript/lib/tsserver.js:139190:36)
    at visitNode (/snap/code/46/usr/share/code/resources/app/extensions/node_modules/typescript/lib/tsserver.js:26827:24)
    at Object.forEachChild (/snap/code/46/usr/share/code/resources/app/extensions/node_modules/typescript/lib/tsserver.js:27083:24)
    at visit (/snap/code/46/usr/share/code/resources/app/extensions/node_modules/typescript/lib/tsserver.js:139190:36)
    at visitNodes (/snap/code/46/usr/share/code/resources/app/extensions/node_modules/typescript/lib/tsserver.js:26836:30)
    at Object.forEachChild (/snap/code/46/usr/share/code/resources/app/extensions/node_modules/typescript/lib/tsserver.js:27072:24)
    at visit (/snap/code/46/usr/share/code/resources/app/extensions/node_modules/typescript/lib/tsserver.js:139190:36)
    at checkNode (/snap/code/46/usr/share/code/resources/app/extensions/node_modules/typescript/lib/tsserver.js:139051:21)
    at getRangeToExtract (/snap/code/46/usr/share/code/resources/app/extensions/node_modules/typescript/lib/tsserver.js:138928:44)
    at Object.getAvailableActions (/snap/code/46/usr/share/code/resources/app/extensions/node_modules/typescript/lib/tsserver.js:138701:38)
    at /snap/code/46/usr/share/code/resources/app/extensions/node_modules/typescript/lib/tsserver.js:130643:128
    at getIterator (/snap/code/46/usr/share/code/resources/app/extensions/node_modules/typescript/lib/tsserver.js:567:23)
    at Object.next (/snap/code/46/usr/share/code/resources/app/extensions/node_modules/typescript/lib/tsserver.js:562:35)
    at Object.arrayFrom (/snap/code/46/usr/share/code/resources/app/extensions/node_modules/typescript/lib/tsserver.js:1308:88)
    at Object.getApplicableRefactors (/snap/code/46/usr/share/code/resources/app/extensions/node_modules/typescript/lib/tsserver.js:130642:23)
    at Proxy.getApplicableRefactors (/snap/code/46/usr/share/code/resources/app/extensions/node_modules/typescript/lib/tsserver.js:144225:32)
    at IOSession.Session.getApplicableRefactors (/snap/code/46/usr/share/code/resources/app/extensions/node_modules/typescript/lib/tsserver.js:154604:53)
    at Session.handlers.ts.Map.ts.getEntries._a.<computed> (/snap/code/46/usr/share/code/resources/app/extensions/node_modules/typescript/lib/tsserver.js:153349:61)
    at /snap/code/46/usr/share/code/resources/app/extensions/node_modules/typescript/lib/tsserver.js:154953:88
    at IOSession.Session.executeWithRequestId (/snap/code/46/usr/share/code/resources/app/extensions/node_modules/typescript/lib/tsserver.js:154944:28)
    at IOSession.Session.executeCommand (/snap/code/46/usr/share/code/resources/app/extensions/node_modules/typescript/lib/tsserver.js:154953:33)
    at IOSession.Session.onMessage (/snap/code/46/usr/share/code/resources/app/extensions/node_modules/typescript/lib/tsserver.js:154977:35)
    at Interface.<anonymous> (/snap/code/46/usr/share/code/resources/app/extensions/node_modules/typescript/lib/tsserver.js:157193:27)
    at Interface.emit (events.js:223:5)
    at Interface._onLine (readline.js:315:10)
    at Interface._normalWrite (readline.js:460:12)
    at Socket.ondata (readline.js:172:10)
    at Socket.emit (events.js:223:5)
    at addChunk (_stream_readable.js:309:12)
    at readableAddChunk (_stream_readable.js:290:11)
    at Socket.Readable.push (_stream_readable.js:224:10)
    at Pipe.onStreamRead (internal/stream_base_commons.js:181:23)
	at Function.create (/snap/code/46/usr/share/code/resources/app/extensions/typescript-language-features/dist/extension.js:1:76465)
	at h.dispatchResponse (/snap/code/46/usr/share/code/resources/app/extensions/typescript-language-features/dist/extension.js:1:70340)
	at h.dispatchMessage (/snap/code/46/usr/share/code/resources/app/extensions/typescript-language-features/dist/extension.js:1:69199)
	at /snap/code/46/usr/share/code/resources/app/extensions/typescript-language-features/dist/extension.js:1:68709
	at l.fire (/snap/code/46/usr/share/code/resources/app/out/vs/workbench/services/extensions/node/extensionHostProcess.js:46:475)
	at g.onLengthData (/snap/code/46/usr/share/code/resources/app/extensions/typescript-language-features/dist/extension.js:45:60018)
	at Socket.<anonymous> (/snap/code/46/usr/share/code/resources/app/extensions/typescript-language-features/dist/extension.js:45:59666)
	at Socket.emit (events.js:223:5)
	at addChunk (_stream_readable.js:309:12)
	at readableAddChunk (_stream_readable.js:290:11)
	at Socket.Readable.push (_stream_readable.js:224:10)
	at Pipe.onStreamRead (internal/stream_base_commons.js:181:23)
