[2020-10-06 16:17:02.132] [exthost] [info] extension host started
[2020-10-06 16:17:02.197] [exthost] [info] ExtensionService#_doActivateExtension vscode.microsoft-authentication {"startup":false,"extensionId":{"value":"vscode.microsoft-authentication","_lower":"vscode.microsoft-authentication"},"activationEvent":"onAuthenticationRequest:microsoft"}
[2020-10-06 16:17:02.197] [exthost] [info] ExtensionService#loadCommonJSModule file:///snap/code/46/usr/share/code/resources/app/extensions/microsoft-authentication/dist/extension.js
[2020-10-06 16:17:02.207] [exthost] [info] ExtensionService#_doActivateExtension vscode.github-authentication {"startup":false,"extensionId":{"value":"vscode.github-authentication","_lower":"vscode.github-authentication"},"activationEvent":"onAuthenticationRequest:github"}
[2020-10-06 16:17:02.207] [exthost] [info] ExtensionService#loadCommonJSModule file:///snap/code/46/usr/share/code/resources/app/extensions/github-authentication/dist/extension.js
[2020-10-06 16:17:02.212] [exthost] [info] ExtensionService#_doActivateExtension vscode.typescript-language-features {"startup":false,"extensionId":{"value":"vscode.typescript-language-features","_lower":"vscode.typescript-language-features"},"activationEvent":"onLanguage:javascript"}
[2020-10-06 16:17:02.212] [exthost] [info] ExtensionService#loadCommonJSModule file:///snap/code/46/usr/share/code/resources/app/extensions/typescript-language-features/dist/extension
[2020-10-06 16:17:02.236] [exthost] [info] ExtensionService#_doActivateExtension VisualStudioExptTeam.vscodeintellicode {"startup":false,"extensionId":{"value":"VisualStudioExptTeam.vscodeintellicode","_lower":"visualstudioexptteam.vscodeintellicode"},"activationEvent":"onLanguage:javascript"}
[2020-10-06 16:17:02.236] [exthost] [info] ExtensionService#loadCommonJSModule file:///home/manpreetsinghgugga/.vscode/extensions/visualstudioexptteam.vscodeintellicode-1.2.10/dist/intellicode
[2020-10-06 16:17:02.264] [exthost] [info] ExtensionService#_doActivateExtension vscode.debug-auto-launch {"startup":true,"extensionId":{"value":"vscode.debug-auto-launch","_lower":"vscode.debug-auto-launch"},"activationEvent":"*"}
[2020-10-06 16:17:02.264] [exthost] [info] ExtensionService#loadCommonJSModule file:///snap/code/46/usr/share/code/resources/app/extensions/debug-auto-launch/dist/extension
[2020-10-06 16:17:02.266] [exthost] [info] ExtensionService#_doActivateExtension vscode.emmet {"startup":true,"extensionId":{"value":"vscode.emmet","_lower":"vscode.emmet"},"activationEvent":"*"}
[2020-10-06 16:17:02.266] [exthost] [info] ExtensionService#loadCommonJSModule file:///snap/code/46/usr/share/code/resources/app/extensions/emmet/dist/node/emmetNodeMain
[2020-10-06 16:17:02.278] [exthost] [info] ExtensionService#_doActivateExtension vscode.git {"startup":true,"extensionId":{"value":"vscode.github","_lower":"vscode.github"},"activationEvent":"*"}
[2020-10-06 16:17:02.278] [exthost] [info] ExtensionService#loadCommonJSModule file:///snap/code/46/usr/share/code/resources/app/extensions/git/dist/main
[2020-10-06 16:17:02.293] [exthost] [info] ExtensionService#_doActivateExtension vscode.merge-conflict {"startup":true,"extensionId":{"value":"vscode.merge-conflict","_lower":"vscode.merge-conflict"},"activationEvent":"*"}
[2020-10-06 16:17:02.293] [exthost] [info] ExtensionService#loadCommonJSModule file:///snap/code/46/usr/share/code/resources/app/extensions/merge-conflict/dist/mergeConflictMain
[2020-10-06 16:17:02.295] [exthost] [info] ExtensionService#_doActivateExtension vscode.search-result {"startup":true,"extensionId":{"value":"vscode.search-result","_lower":"vscode.search-result"},"activationEvent":"*"}
[2020-10-06 16:17:02.295] [exthost] [info] ExtensionService#loadCommonJSModule file:///snap/code/46/usr/share/code/resources/app/extensions/search-result/dist/extension.js
[2020-10-06 16:17:02.303] [exthost] [info] ExtensionService#_doActivateExtension vscode.npm {"startup":true,"extensionId":{"value":"vscode.npm","_lower":"vscode.npm"},"activationEvent":"workspaceContains:package.json"}
[2020-10-06 16:17:02.303] [exthost] [info] ExtensionService#loadCommonJSModule file:///snap/code/46/usr/share/code/resources/app/extensions/npm/dist/npmMain
[2020-10-06 16:17:02.314] [exthost] [info] ExtensionService#_doActivateExtension ms-vscode.js-debug {"startup":true,"extensionId":{"value":"msjsdiag.vscode-react-native","_lower":"msjsdiag.vscode-react-native"},"activationEvent":"workspaceContains:node_modules/react-native"}
[2020-10-06 16:17:02.314] [exthost] [info] ExtensionService#loadCommonJSModule file:///snap/code/46/usr/share/code/resources/app/extensions/ms-vscode.js-debug/src/extension.js
[2020-10-06 16:17:02.743] [exthost] [info] ExtensionService#_doActivateExtension msjsdiag.vscode-react-native {"startup":true,"extensionId":{"value":"msjsdiag.vscode-react-native","_lower":"msjsdiag.vscode-react-native"},"activationEvent":"workspaceContains:node_modules/react-native"}
[2020-10-06 16:17:02.743] [exthost] [info] ExtensionService#loadCommonJSModule file:///home/manpreetsinghgugga/.vscode/extensions/msjsdiag.vscode-react-native-1.0.1/dist/rn-extension
[2020-10-06 16:17:02.815] [exthost] [info] ExtensionService#_doActivateExtension vscode.github {"startup":true,"extensionId":{"value":"vscode.github","_lower":"vscode.github"},"activationEvent":"*"}
[2020-10-06 16:17:02.815] [exthost] [info] ExtensionService#loadCommonJSModule file:///snap/code/46/usr/share/code/resources/app/extensions/github/dist/extension.js
[2020-10-06 16:17:03.071] [exthost] [info] eager extensions activated
[2020-10-06 16:17:34.346] [exthost] [info] ExtensionService#_doActivateExtension vscode.extension-editing {"startup":false,"extensionId":{"value":"vscode.extension-editing","_lower":"vscode.extension-editing"},"activationEvent":"onLanguage:typescript"}
[2020-10-06 16:17:34.346] [exthost] [info] ExtensionService#loadCommonJSModule file:///snap/code/46/usr/share/code/resources/app/extensions/extension-editing/dist/extensionEditingMain
[2020-10-06 16:24:40.069] [exthost] [info] ExtensionService#_doActivateExtension vscode.debug-server-ready {"startup":false,"extensionId":{"value":"vscode.debug-server-ready","_lower":"vscode.debug-server-ready"},"activationEvent":"onDebugResolve"}
[2020-10-06 16:24:40.069] [exthost] [info] ExtensionService#loadCommonJSModule file:///snap/code/46/usr/share/code/resources/app/extensions/debug-server-ready/dist/extension
